<?xml version="1.0" encoding="UTF-8"?>
<testsuite name="com.denofprogramming.random.RandomGeneratorTest" tests="2" skipped="0" failures="0" errors="0" timestamp="2024-03-13T05:38:32" hostname="IN2-1012496LTT" time="0.034">
  <properties/>
  <testcase name="testName" classname="com.denofprogramming.random.RandomGeneratorTest" time="0.005"/>
  <testcase name="testRandomGenerator" classname="com.denofprogramming.random.RandomGeneratorTest" time="0.029"/>
  <system-out><![CDATA[]]></system-out>
  <system-err><![CDATA[]]></system-err>
</testsuite>
